2026-01-15T22:41:41.432+0700 [DEBUG] [org.gradle.launcher.daemon.bootstrap.DaemonMain] Assuming the daemon was started with following jvm opts: [-Xmx2048m, -Dfile.encoding=UTF-8, -Duser.country=US, -Duser.language=en, -Duser.variant]
2026-01-15T22:41:41.586+0700 [DEBUG] [org.gradle.internal.remote.internal.inet.InetAddresses] Adding IP addresses for network interface wlo1
2026-01-15T22:41:41.586+0700 [DEBUG] [org.gradle.internal.remote.internal.inet.InetAddresses] Is this a loopback interface? false
2026-01-15T22:41:41.587+0700 [DEBUG] [org.gradle.internal.remote.internal.inet.InetAddresses] Adding remote address /fe80:0:0:0:af9c:a19f:8990:9558%wlo1
2026-01-15T22:41:41.587+0700 [DEBUG] [org.gradle.internal.remote.internal.inet.InetAddresses] Adding remote address /192.168.110.98
2026-01-15T22:41:41.588+0700 [DEBUG] [org.gradle.internal.remote.internal.inet.InetAddresses] Adding IP addresses for network interface lo
2026-01-15T22:41:41.588+0700 [DEBUG] [org.gradle.internal.remote.internal.inet.InetAddresses] Is this a loopback interface? true
2026-01-15T22:41:41.588+0700 [DEBUG] [org.gradle.internal.remote.internal.inet.InetAddresses] Adding loopback address /0:0:0:0:0:0:0:1%lo
2026-01-15T22:41:41.589+0700 [DEBUG] [org.gradle.internal.remote.internal.inet.InetAddresses] Adding loopback address /127.0.0.1
2026-01-15T22:41:41.625+0700 [INFO] [org.gradle.launcher.daemon.server.Daemon] start() called on daemon - DefaultDaemonContext[uid=4f34a6db-5cc8-47f6-be3f-0489f3de3ec8,javaHome=/usr/lib/jvm/java-21-openjdk-amd64,javaVersion=21,javaVendor=Ubuntu,daemonRegistryDir=/home/anomali99/Documents/Skripsi/MyHydroponic-App/daemon,pid=12141,idleTimeout=10800000,priority=NORMAL,applyInstrumentationAgent=true,nativeServicesMode=ENABLED,daemonOpts=-Xmx2048m,-Dfile.encoding=UTF-8,-Duser.country=US,-Duser.language=en,-Duser.variant]
2026-01-15T22:41:41.661+0700 [DEBUG] [org.gradle.internal.remote.internal.inet.TcpIncomingConnector] Listening on [b02d9d22-f869-4d91-bb22-66deda2fa306 port:40643, addresses:[localhost/127.0.0.1]].
2026-01-15T22:41:41.682+0700 [DEBUG] [org.gradle.launcher.daemon.server.Daemon] Daemon starting at: Thu Jan 15 22:41:41 WIB 2026, with address: [b02d9d22-f869-4d91-bb22-66deda2fa306 port:40643, addresses:[localhost/127.0.0.1]]
2026-01-15T22:41:41.683+0700 [INFO] [org.gradle.launcher.daemon.server.DaemonRegistryUpdater] Advertising the daemon address to the clients: [b02d9d22-f869-4d91-bb22-66deda2fa306 port:40643, addresses:[localhost/127.0.0.1]]
2026-01-15T22:41:41.683+0700 [DEBUG] [org.gradle.launcher.daemon.server.DaemonRegistryUpdater] Advertised daemon context: DefaultDaemonContext[uid=4f34a6db-5cc8-47f6-be3f-0489f3de3ec8,javaHome=/usr/lib/jvm/java-21-openjdk-amd64,javaVersion=21,javaVendor=Ubuntu,daemonRegistryDir=/home/anomali99/Documents/Skripsi/MyHydroponic-App/daemon,pid=12141,idleTimeout=10800000,priority=NORMAL,applyInstrumentationAgent=true,nativeServicesMode=ENABLED,daemonOpts=-Xmx2048m,-Dfile.encoding=UTF-8,-Duser.country=US,-Duser.language=en,-Duser.variant]
2026-01-15T22:41:41.684+0700 [DEBUG] [org.gradle.launcher.daemon.registry.PersistentDaemonRegistry] Storing daemon address: [b02d9d22-f869-4d91-bb22-66deda2fa306 port:40643, addresses:[localhost/127.0.0.1]], context: DefaultDaemonContext[uid=4f34a6db-5cc8-47f6-be3f-0489f3de3ec8,javaHome=/usr/lib/jvm/java-21-openjdk-amd64,javaVersion=21,javaVendor=Ubuntu,daemonRegistryDir=/home/anomali99/Documents/Skripsi/MyHydroponic-App/daemon,pid=12141,idleTimeout=10800000,priority=NORMAL,applyInstrumentationAgent=true,nativeServicesMode=ENABLED,daemonOpts=-Xmx2048m,-Dfile.encoding=UTF-8,-Duser.country=US,-Duser.language=en,-Duser.variant]
2026-01-15T22:41:41.695+0700 [DEBUG] [org.gradle.cache.internal.DefaultFileLockManager] Waiting to acquire exclusive lock on daemon addresses registry.
2026-01-15T22:41:41.699+0700 [DEBUG] [org.gradle.cache.internal.DefaultFileLockManager] Lock acquired on daemon addresses registry.
2026-01-15T22:41:41.704+0700 [DEBUG] [org.gradle.cache.internal.DefaultFileLockManager] Releasing lock on daemon addresses registry.
2026-01-15T22:41:41.705+0700 [LIFECYCLE] [org.gradle.launcher.daemon.server.Daemon] Daemon server started.
2026-01-15T22:41:41.707+0700 [DEBUG] [org.gradle.launcher.daemon.bootstrap.DaemonStartupCommunication] Completed writing the daemon greeting. Closing streams...
2026-01-15T22:41:41.725+0700 [DEBUG] [org.gradle.launcher.daemon.server.Daemon] stopOnExpiration() called on daemon
2026-01-15T22:41:41.727+0700 [DEBUG] [org.gradle.internal.remote.internal.inet.TcpIncomingConnector] Accepted connection from /127.0.0.1:57958 to /127.0.0.1:40643.
2026-01-15T22:41:41.727+0700 [DEBUG] [org.gradle.launcher.daemon.server.Daemon] awaitExpiration() called on daemon
2026-01-15T22:41:41.729+0700 [DEBUG] [org.gradle.launcher.daemon.server.DaemonStateCoordinator] daemon is running. Sleeping until state changes.
2026-01-15T22:41:41.787+0700 [DEBUG] [org.gradle.launcher.daemon.server.SynchronizedDispatchConnection] thread 29: received class org.gradle.launcher.daemon.protocol.Build
2026-01-15T22:41:41.788+0700 [DEBUG] [org.gradle.launcher.daemon.server.DefaultDaemonConnection] thread 29: Received non-IO message from client: Build{id=8bd9b8cd-016b-4f61-afcc-8049e46c746a, currentDir=/home/anomali99/Documents/Skripsi/MyHydroponic-App}
2026-01-15T22:41:41.788+0700 [INFO] [org.gradle.launcher.daemon.server.DefaultIncomingConnectionHandler] Received command: Build{id=8bd9b8cd-016b-4f61-afcc-8049e46c746a, currentDir=/home/anomali99/Documents/Skripsi/MyHydroponic-App}.
2026-01-15T22:41:41.789+0700 [DEBUG] [org.gradle.launcher.daemon.server.DefaultIncomingConnectionHandler] Starting executing command: Build{id=8bd9b8cd-016b-4f61-afcc-8049e46c746a, currentDir=/home/anomali99/Documents/Skripsi/MyHydroponic-App} with connection: socket connection from /127.0.0.1:40643 to /127.0.0.1:57958.
2026-01-15T22:41:41.793+0700 [DEBUG] [org.gradle.launcher.daemon.server.DaemonStateCoordinator] Command execution: started DaemonCommandExecution[command = Build{id=8bd9b8cd-016b-4f61-afcc-8049e46c746a, currentDir=/home/anomali99/Documents/Skripsi/MyHydroponic-App}, connection = DefaultDaemonConnection: socket connection from /127.0.0.1:40643 to /127.0.0.1:57958] after 0.002316666666666667 minutes of idle
2026-01-15T22:41:41.794+0700 [INFO] [org.gradle.launcher.daemon.server.DaemonRegistryUpdater] Marking the daemon as busy, address: [b02d9d22-f869-4d91-bb22-66deda2fa306 port:40643, addresses:[localhost/127.0.0.1]]
2026-01-15T22:41:41.794+0700 [DEBUG] [org.gradle.launcher.daemon.registry.PersistentDaemonRegistry] Marking busy by address: [b02d9d22-f869-4d91-bb22-66deda2fa306 port:40643, addresses:[localhost/127.0.0.1]]
2026-01-15T22:41:41.795+0700 [DEBUG] [org.gradle.cache.internal.DefaultFileLockManager] Waiting to acquire exclusive lock on daemon addresses registry.
2026-01-15T22:41:41.795+0700 [DEBUG] [org.gradle.cache.internal.DefaultFileLockManager] Lock acquired on daemon addresses registry.
2026-01-15T22:41:41.796+0700 [DEBUG] [org.gradle.cache.internal.DefaultFileLockManager] Releasing lock on daemon addresses registry.
2026-01-15T22:41:41.797+0700 [DEBUG] [org.gradle.launcher.daemon.server.DaemonStateCoordinator] resetting idle timer
2026-01-15T22:41:41.797+0700 [DEBUG] [org.gradle.launcher.daemon.server.DaemonStateCoordinator] daemon is running. Sleeping until state changes.
2026-01-15T22:41:41.798+0700 [INFO] [org.gradle.launcher.daemon.server.exec.StartBuildOrRespondWithBusy] Daemon is about to start building Build{id=8bd9b8cd-016b-4f61-afcc-8049e46c746a, currentDir=/home/anomali99/Documents/Skripsi/MyHydroponic-App}. Dispatching build started information...
2026-01-15T22:41:41.798+0700 [DEBUG] [org.gradle.launcher.daemon.server.SynchronizedDispatchConnection] thread 31: dispatching org.gradle.launcher.daemon.protocol.BuildStarted@3b8cd53b
2026-01-15T22:41:41.801+0700 [DEBUG] [org.gradle.launcher.daemon.server.exec.EstablishBuildEnvironment] Configuring env variables: [PATH, MEMORY_PRESSURE_WRITE, INVOCATION_ID, XAUTHORITY, XMODIFIERS, GDMSESSION, XDG_DATA_DIRS, QT_IM_MODULE, MEMORY_PRESSURE_WATCH, XDG_CONFIG_DIRS, LANG, DBUS_SESSION_BUS_ADDRESS, XDG_SESSION_TYPE, XDG_ACTIVATION_TOKEN, XDG_CURRENT_DESKTOP, JOURNAL_STREAM, DISPLAY, WAYLAND_DISPLAY, GSM_SKIP_SSH_AGENT_WORKAROUND, USERNAME, SESSION_MANAGER, LOGNAME, PWD, MANAGERPID, IM_CONFIG_PHASE, XDG_SESSION_CLASS, _, GJS_DEBUG_TOPICS, SHELL, GIO_LAUNCHED_DESKTOP_FILE, CLUTTER_DISABLE_MIPMAPPED_TEXT, DESKTOP_SESSION, USER, XDG_MENU_PREFIX, GIO_LAUNCHED_DESKTOP_FILE_PID, QT_ACCESSIBILITY, GJS_DEBUG_OUTPUT, GNOME_DESKTOP_SESSION_ID, GTK_MODULES, SSH_AUTH_SOCK, DEBUGINFOD_URLS, GNOME_SHELL_SESSION_MODE, SYSTEMD_EXEC_PID, GNOME_SETUP_DISPLAY, XDG_SESSION_DESKTOP, XDG_RUNTIME_DIR, SHLVL, HOME]
2026-01-15T22:41:41.808+0700 [DEBUG] [org.gradle.launcher.daemon.server.exec.LogToClient] About to start relaying all logs to the client via the connection.
2026-01-15T22:41:41.808+0700 [INFO] [org.gradle.launcher.daemon.server.exec.LogToClient] The client will now receive all logging from the daemon (pid: 12141). The daemon log file: /home/anomali99/Documents/Skripsi/MyHydroponic-App/daemon/8.13/daemon-12141.out.log
2026-01-15T22:41:41.811+0700 [INFO] [org.gradle.launcher.daemon.server.exec.LogAndCheckHealth] Starting build in new daemon [memory: 2 GiB]
2026-01-15T22:41:41.814+0700 [DEBUG] [org.gradle.launcher.daemon.server.exec.ExecuteBuild] The daemon has started executing the build.
2026-01-15T22:41:41.814+0700 [DEBUG] [org.gradle.launcher.daemon.server.exec.ExecuteBuild] Executing build with daemon context: DefaultDaemonContext[uid=4f34a6db-5cc8-47f6-be3f-0489f3de3ec8,javaHome=/usr/lib/jvm/java-21-openjdk-amd64,javaVersion=21,javaVendor=Ubuntu,daemonRegistryDir=/home/anomali99/Documents/Skripsi/MyHydroponic-App/daemon,pid=12141,idleTimeout=10800000,priority=NORMAL,applyInstrumentationAgent=true,nativeServicesMode=ENABLED,daemonOpts=-Xmx2048m,-Dfile.encoding=UTF-8,-Duser.country=US,-Duser.language=en,-Duser.variant]

BUILD SUCCESSFUL in 6m 24s
1 actionable task: 1 up-to-date
2026-01-15T22:48:04.742+0700 [DEBUG] [org.gradle.launcher.daemon.server.exec.ExecuteBuild] The daemon has finished executing the build.
2026-01-15T22:48:04.759+0700 [DEBUG] [org.gradle.launcher.daemon.server.DaemonStateCoordinator] daemon is running. Sleeping until state changes.
2026-01-15T22:48:04.762+0700 [DEBUG] [org.gradle.launcher.daemon.server.DaemonStateCoordinator] Command execution: finished waiting for DaemonCommandExecution[command = Build{id=8bd9b8cd-016b-4f61-afcc-8049e46c746a, currentDir=/home/anomali99/Documents/Skripsi/MyHydroponic-App}, connection = DefaultDaemonConnection: socket connection from /127.0.0.1:40643 to /127.0.0.1:57958]. Result org.gradle.launcher.daemon.server.DaemonStateCoordinator@3f6b80a8 with state Busy
2026-01-15T22:48:04.766+0700 [DEBUG] [org.gradle.launcher.daemon.server.DaemonStateCoordinator] Command execution: completed DaemonCommandExecution[command = Build{id=8bd9b8cd-016b-4f61-afcc-8049e46c746a, currentDir=/home/anomali99/Documents/Skripsi/MyHydroponic-App}, connection = DefaultDaemonConnection: socket connection from /127.0.0.1:40643 to /127.0.0.1:57958]
2026-01-15T22:48:04.766+0700 [DEBUG] [org.gradle.launcher.daemon.server.DaemonStateCoordinator] resetting idle timer
2026-01-15T22:48:04.767+0700 [INFO] [org.gradle.launcher.daemon.server.DaemonRegistryUpdater] Marking the daemon as idle, address: [b02d9d22-f869-4d91-bb22-66deda2fa306 port:40643, addresses:[localhost/127.0.0.1]]
2026-01-15T22:48:04.767+0700 [DEBUG] [org.gradle.launcher.daemon.registry.PersistentDaemonRegistry] Marking busy by address: [b02d9d22-f869-4d91-bb22-66deda2fa306 port:40643, addresses:[localhost/127.0.0.1]]
2026-01-15T22:48:04.768+0700 [DEBUG] [org.gradle.cache.internal.DefaultFileLockManager] Waiting to acquire exclusive lock on daemon addresses registry.
2026-01-15T22:48:04.770+0700 [DEBUG] [org.gradle.cache.internal.DefaultFileLockManager] Lock acquired on daemon addresses registry.
2026-01-15T22:48:04.773+0700 [DEBUG] [org.gradle.cache.internal.DefaultFileLockManager] Releasing lock on daemon addresses registry.
2026-01-15T22:48:04.774+0700 [DEBUG] [org.gradle.launcher.daemon.server.exec.ReturnResult] Daemon is dispatching the build result: Success[value=org.gradle.launcher.exec.BuildActionResult@2c876856]
2026-01-15T22:48:04.774+0700 [DEBUG] [org.gradle.launcher.daemon.server.SynchronizedDispatchConnection] thread 28: dispatching Success[value=org.gradle.launcher.exec.BuildActionResult@2c876856]
2026-01-15T22:48:04.775+0700 [DEBUG] [org.gradle.launcher.daemon.server.DaemonStateCoordinator] daemon is running. Sleeping until state changes.
2026-01-15T22:48:04.783+0700 [DEBUG] [org.gradle.launcher.daemon.server.exec.CleanUpVirtualFileSystemAfterBuild] Cleaning virtual file system after build finished
2026-01-15T22:48:04.787+0700 [DEBUG] [org.gradle.launcher.daemon.server.DefaultIncomingConnectionHandler] Finishing executing command: Build{id=8bd9b8cd-016b-4f61-afcc-8049e46c746a, currentDir=/home/anomali99/Documents/Skripsi/MyHydroponic-App}
2026-01-15T22:48:04.799+0700 [DEBUG] [org.gradle.launcher.daemon.server.SynchronizedDispatchConnection] thread 29: received class org.gradle.launcher.daemon.protocol.CloseInput
2026-01-15T22:48:04.799+0700 [DEBUG] [org.gradle.launcher.daemon.server.DefaultDaemonConnection] thread 29: Received IO message from client: org.gradle.launcher.daemon.protocol.CloseInput@7b96e2b3
2026-01-15T22:48:04.802+0700 [DEBUG] [org.gradle.launcher.daemon.server.SynchronizedDispatchConnection] thread 29: received class org.gradle.launcher.daemon.protocol.Finished
2026-01-15T22:48:04.802+0700 [DEBUG] [org.gradle.launcher.daemon.server.DefaultDaemonConnection] thread 29: Received non-IO message from client: org.gradle.launcher.daemon.protocol.Finished@a784c8f
2026-01-15T22:48:04.803+0700 [DEBUG] [org.gradle.launcher.daemon.server.DefaultIncomingConnectionHandler] Received finished message: org.gradle.launcher.daemon.protocol.Finished@a784c8f
2026-01-15T22:48:04.803+0700 [DEBUG] [org.gradle.launcher.daemon.server.SynchronizedDispatchConnection] thread 28: stopping connection
2026-01-15T22:48:04.803+0700 [DEBUG] [org.gradle.internal.remote.internal.inet.SocketConnection] Discarding EOFException: java.io.EOFException
2026-01-15T22:48:04.804+0700 [DEBUG] [org.gradle.launcher.daemon.server.SynchronizedDispatchConnection] thread 29: received null
2026-01-15T22:48:04.804+0700 [DEBUG] [org.gradle.launcher.daemon.server.DefaultDaemonConnection] thread 29: Received end-of-input from client.
2026-01-15T22:48:04.804+0700 [DEBUG] [org.gradle.launcher.daemon.server.SynchronizedDispatchConnection] thread 28: stopping connection
2026-01-15T22:48:08.139+0700 [DEBUG] [org.gradle.process.internal.health.memory.DefaultMemoryManager] 402653184 physical memory requested, 111489024 free
2026-01-15T22:48:08.141+0700 [DEBUG] [org.gradle.workers.internal.WorkerDaemonExpiration] Will attempt to release 384 of memory
2026-01-15T22:48:08.141+0700 [DEBUG] [org.gradle.process.internal.health.memory.DefaultMemoryManager] 402653184 physical memory requested, 0 released, 111489024 free
2026-01-15T22:48:11.727+0700 [DEBUG] [org.gradle.cache.internal.DefaultFileLockManager] Waiting to acquire shared lock on daemon addresses registry.
2026-01-15T22:48:11.727+0700 [DEBUG] [org.gradle.cache.internal.DefaultFileLockManager] Lock acquired on daemon addresses registry.
2026-01-15T22:48:11.727+0700 [DEBUG] [org.gradle.cache.internal.DefaultFileLockManager] Releasing lock on daemon addresses registry.
2026-01-15T22:48:11.729+0700 [DEBUG] [org.gradle.cache.internal.DefaultFileLockManager] Waiting to acquire shared lock on daemon addresses registry.
2026-01-15T22:48:11.729+0700 [DEBUG] [org.gradle.cache.internal.DefaultFileLockManager] Lock acquired on daemon addresses registry.
2026-01-15T22:48:11.729+0700 [DEBUG] [org.gradle.cache.internal.DefaultFileLockManager] Releasing lock on daemon addresses registry.
2026-01-15T22:48:13.140+0700 [DEBUG] [org.gradle.process.internal.health.memory.DefaultMemoryManager] 402653184 physical memory requested, 119734272 free
2026-01-15T22:48:13.141+0700 [DEBUG] [org.gradle.workers.internal.WorkerDaemonExpiration] Will attempt to release 384 of memory
2026-01-15T22:48:13.142+0700 [DEBUG] [org.gradle.process.internal.health.memory.DefaultMemoryManager] 402653184 physical memory requested, 0 released, 119734272 free
2026-01-15T22:48:18.141+0700 [DEBUG] [org.gradle.process.internal.health.memory.DefaultMemoryManager] 402653184 physical memory requested, 135512064 free
2026-01-15T22:48:18.142+0700 [DEBUG] [org.gradle.workers.internal.WorkerDaemonExpiration] Will attempt to release 384 of memory
2026-01-15T22:48:18.143+0700 [DEBUG] [org.gradle.process.internal.health.memory.DefaultMemoryManager] 402653184 physical memory requested, 0 released, 135512064 free
2026-01-15T22:48:19.954+0700 [DEBUG] [org.gradle.internal.remote.internal.inet.TcpIncomingConnector] Accepted connection from /127.0.0.1:36976 to /127.0.0.1:40643.
2026-01-15T22:48:19.986+0700 [DEBUG] [org.gradle.launcher.daemon.server.SynchronizedDispatchConnection] thread 100: received class org.gradle.launcher.daemon.protocol.StopWhenIdle
2026-01-15T22:48:19.987+0700 [DEBUG] [org.gradle.launcher.daemon.server.DefaultDaemonConnection] thread 100: Received non-IO message from client: StopWhenIdle[id=51f836ca-15bf-43da-8de1-cf96c38b14e9]
2026-01-15T22:48:19.987+0700 [INFO] [org.gradle.launcher.daemon.server.DefaultIncomingConnectionHandler] Received command: StopWhenIdle[id=51f836ca-15bf-43da-8de1-cf96c38b14e9].
2026-01-15T22:48:19.987+0700 [DEBUG] [org.gradle.launcher.daemon.server.DefaultIncomingConnectionHandler] Starting executing command: StopWhenIdle[id=51f836ca-15bf-43da-8de1-cf96c38b14e9] with connection: socket connection from /127.0.0.1:40643 to /127.0.0.1:36976.
2026-01-15T22:48:19.990+0700 [DEBUG] [org.gradle.launcher.daemon.server.DaemonRegistryUpdater] Storing daemon stop event: stop command received
2026-01-15T22:48:20.000+0700 [DEBUG] [org.gradle.launcher.daemon.registry.PersistentDaemonRegistry] Storing daemon stop event with timestamp 1768492099991
2026-01-15T22:48:20.003+0700 [DEBUG] [org.gradle.cache.internal.DefaultFileLockManager] Waiting to acquire exclusive lock on daemon addresses registry.
2026-01-15T22:48:20.005+0700 [DEBUG] [org.gradle.cache.internal.DefaultFileLockManager] Lock acquired on daemon addresses registry.
2026-01-15T22:48:20.006+0700 [DEBUG] [org.gradle.cache.internal.DefaultFileLockManager] Releasing lock on daemon addresses registry.
2026-01-15T22:48:20.006+0700 [LIFECYCLE] [org.gradle.launcher.daemon.server.DaemonStateCoordinator] Daemon will be stopped at the end of the build stop command received
2026-01-15T22:48:20.006+0700 [DEBUG] [org.gradle.launcher.daemon.server.DaemonStateCoordinator] Marking daemon stopped due to stop command received. The daemon is not running a build
2026-01-15T22:48:20.007+0700 [DEBUG] [org.gradle.launcher.daemon.server.SynchronizedDispatchConnection] thread 28: dispatching Success[value=null]
2026-01-15T22:48:20.007+0700 [DEBUG] [org.gradle.launcher.daemon.server.DaemonStateCoordinator] daemon has stopped.
2026-01-15T22:48:20.007+0700 [DEBUG] [org.gradle.launcher.daemon.server.DefaultIncomingConnectionHandler] Finishing executing command: StopWhenIdle[id=51f836ca-15bf-43da-8de1-cf96c38b14e9]
2026-01-15T22:48:20.008+0700 [DEBUG] [org.gradle.launcher.daemon.server.SynchronizedDispatchConnection] thread 100: received class org.gradle.launcher.daemon.protocol.Finished
2026-01-15T22:48:20.009+0700 [DEBUG] [org.gradle.launcher.daemon.server.DefaultDaemonConnection] thread 100: Received non-IO message from client: org.gradle.launcher.daemon.protocol.Finished@40f4176a
2026-01-15T22:48:20.009+0700 [DEBUG] [org.gradle.launcher.daemon.server.DefaultIncomingConnectionHandler] Received finished message: org.gradle.launcher.daemon.protocol.Finished@40f4176a
2026-01-15T22:48:20.009+0700 [DEBUG] [org.gradle.internal.remote.internal.inet.SocketConnection] Discarding EOFException: java.io.EOFException
2026-01-15T22:48:20.009+0700 [DEBUG] [org.gradle.launcher.daemon.server.SynchronizedDispatchConnection] thread 100: received null
2026-01-15T22:48:20.009+0700 [DEBUG] [org.gradle.launcher.daemon.server.SynchronizedDispatchConnection] thread 28: stopping connection
2026-01-15T22:48:20.010+0700 [DEBUG] [org.gradle.launcher.daemon.server.DefaultDaemonConnection] thread 100: Received end-of-input from client.
2026-01-15T22:48:20.012+0700 [DEBUG] [org.gradle.launcher.daemon.server.SynchronizedDispatchConnection] thread 28: stopping connection
2026-01-15T22:48:20.012+0700 [DEBUG] [org.gradle.launcher.daemon.server.Daemon] stop() called on daemon
2026-01-15T22:48:20.013+0700 [INFO] [org.gradle.launcher.daemon.server.Daemon] Stop requested. Daemon is removing its presence from the registry...
2026-01-15T22:48:20.013+0700 [DEBUG] [org.gradle.launcher.daemon.server.DaemonRegistryUpdater] Removing our presence to clients, eg. removing this address from the registry: [b02d9d22-f869-4d91-bb22-66deda2fa306 port:40643, addresses:[localhost/127.0.0.1]]
2026-01-15T22:48:20.014+0700 [DEBUG] [org.gradle.launcher.daemon.registry.PersistentDaemonRegistry] Removing daemon address: [b02d9d22-f869-4d91-bb22-66deda2fa306 port:40643, addresses:[localhost/127.0.0.1]]
2026-01-15T22:48:20.016+0700 [DEBUG] [org.gradle.cache.internal.DefaultFileLockManager] Waiting to acquire exclusive lock on daemon addresses registry.
2026-01-15T22:48:20.016+0700 [DEBUG] [org.gradle.cache.internal.DefaultFileLockManager] Lock acquired on daemon addresses registry.
2026-01-15T22:48:20.017+0700 [DEBUG] [org.gradle.cache.internal.DefaultFileLockManager] Releasing lock on daemon addresses registry.
2026-01-15T22:48:20.017+0700 [DEBUG] [org.gradle.launcher.daemon.server.DaemonRegistryUpdater] Address removed from registry.
2026-01-15T22:48:20.050+0700 [DEBUG] [org.gradle.cache.internal.LockOnDemandCrossProcessCacheAccess] Releasing file lock for jars (/home/anomali99/Documents/Skripsi/MyHydroponic-App/caches/jars-9)
2026-01-15T22:48:20.050+0700 [DEBUG] [org.gradle.cache.internal.DefaultFileLockManager] Releasing lock on jars (/home/anomali99/Documents/Skripsi/MyHydroponic-App/caches/jars-9).
2026-01-15T22:48:20.053+0700 [DEBUG] [org.gradle.cache.internal.LockOnDemandCrossProcessCacheAccess] Releasing file lock for file content cache (/home/anomali99/Documents/Skripsi/MyHydroponic-App/caches/8.13/fileContent)
2026-01-15T22:48:20.053+0700 [DEBUG] [org.gradle.cache.internal.DefaultFileLockManager] Releasing lock on file content cache (/home/anomali99/Documents/Skripsi/MyHydroponic-App/caches/8.13/fileContent).
2026-01-15T22:48:20.054+0700 [DEBUG] [org.gradle.internal.watch.vfs.impl.WatchingVirtualFileSystem] Closing VFS, dropping state
2026-01-15T22:48:20.060+0700 [DEBUG] [org.gradle.cache.internal.LockOnDemandCrossProcessCacheAccess] Releasing file lock for Generated Gradle JARs cache (/home/anomali99/Documents/Skripsi/MyHydroponic-App/caches/8.13/generated-gradle-jars)
2026-01-15T22:48:20.061+0700 [DEBUG] [org.gradle.cache.internal.DefaultFileLockManager] Releasing lock on Generated Gradle JARs cache (/home/anomali99/Documents/Skripsi/MyHydroponic-App/caches/8.13/generated-gradle-jars).
2026-01-15T22:48:20.061+0700 [DEBUG] [org.gradle.cache.internal.LockOnDemandCrossProcessCacheAccess] Releasing file lock for artifact cache (/home/anomali99/Documents/Skripsi/MyHydroponic-App/caches/modules-2)
2026-01-15T22:48:20.062+0700 [DEBUG] [org.gradle.cache.internal.btree.BTreePersistentIndexedCache] Closing cache module-artifact.bin (/home/anomali99/Documents/Skripsi/MyHydroponic-App/caches/modules-2/metadata-2.107/module-artifact.bin)
2026-01-15T22:48:20.063+0700 [DEBUG] [org.gradle.cache.internal.btree.BTreePersistentIndexedCache] Closing cache module-metadata.bin (/home/anomali99/Documents/Skripsi/MyHydroponic-App/caches/modules-2/metadata-2.107/module-metadata.bin)
2026-01-15T22:48:20.063+0700 [DEBUG] [org.gradle.cache.internal.btree.BTreePersistentIndexedCache] Closing cache resource-at-url.bin (/home/anomali99/Documents/Skripsi/MyHydroponic-App/caches/modules-2/metadata-2.107/resource-at-url.bin)
2026-01-15T22:48:20.063+0700 [DEBUG] [org.gradle.cache.internal.DefaultFileLockManager] Releasing lock on artifact cache (/home/anomali99/Documents/Skripsi/MyHydroponic-App/caches/modules-2).
2026-01-15T22:48:20.064+0700 [DEBUG] [org.gradle.cache.internal.DefaultCacheCoordinator] Cache groovy-dsl (/home/anomali99/Documents/Skripsi/MyHydroponic-App/caches/8.13/groovy-dsl) was closed 0 times.
2026-01-15T22:48:20.064+0700 [DEBUG] [org.gradle.cache.internal.DefaultCacheCoordinator] Cache Artifact transforms cache (/home/anomali99/Documents/Skripsi/MyHydroponic-App/caches/8.13/transforms) was closed 0 times.
2026-01-15T22:48:20.064+0700 [DEBUG] [org.gradle.internal.watch.registry.impl.DefaultFileWatcherRegistry] Finished listening to file system change events
2026-01-15T22:48:20.064+0700 [DEBUG] [org.gradle.cache.internal.DefaultCacheCoordinator] Cache kotlin-dsl (/home/anomali99/Documents/Skripsi/MyHydroponic-App/caches/8.13/kotlin-dsl) was closed 0 times.
2026-01-15T22:48:20.065+0700 [DEBUG] [org.gradle.cache.internal.LockOnDemandCrossProcessCacheAccess] Releasing file lock for journal cache (/home/anomali99/Documents/Skripsi/MyHydroponic-App/caches/journal-1)
2026-01-15T22:48:20.066+0700 [DEBUG] [org.gradle.cache.internal.btree.BTreePersistentIndexedCache] Closing cache file-access.bin (/home/anomali99/Documents/Skripsi/MyHydroponic-App/caches/journal-1/file-access.bin)
2026-01-15T22:48:20.066+0700 [DEBUG] [org.gradle.cache.internal.DefaultFileLockManager] Releasing lock on journal cache (/home/anomali99/Documents/Skripsi/MyHydroponic-App/caches/journal-1).
2026-01-15T22:48:20.067+0700 [DEBUG] [org.gradle.cache.internal.LockOnDemandCrossProcessCacheAccess] Releasing file lock for file hash cache (/home/anomali99/Documents/Skripsi/MyHydroponic-App/caches/8.13/fileHashes)
2026-01-15T22:48:20.067+0700 [DEBUG] [org.gradle.cache.internal.btree.BTreePersistentIndexedCache] Closing cache fileHashes.bin (/home/anomali99/Documents/Skripsi/MyHydroponic-App/caches/8.13/fileHashes/fileHashes.bin)
2026-01-15T22:48:20.068+0700 [DEBUG] [org.gradle.cache.internal.btree.BTreePersistentIndexedCache] Closing cache resourceHashesCache.bin (/home/anomali99/Documents/Skripsi/MyHydroponic-App/caches/8.13/fileHashes/resourceHashesCache.bin)
2026-01-15T22:48:20.068+0700 [DEBUG] [org.gradle.cache.internal.DefaultFileLockManager] Releasing lock on file hash cache (/home/anomali99/Documents/Skripsi/MyHydroponic-App/caches/8.13/fileHashes).
2026-01-15T22:48:20.075+0700 [DEBUG] [org.gradle.internal.operations.DefaultBuildOperationRunner] Build operation 'Deleting unused version-specific caches in /home/anomali99/Documents/Skripsi/MyHydroponic-App/caches' started
2026-01-15T22:48:20.145+0700 [DEBUG] [org.gradle.cache.internal.VersionSpecificCacheCleanupAction] Processed version-specific caches at /home/anomali99/Documents/Skripsi/MyHydroponic-App/caches for cleanup in 0.067 secs
2026-01-15T22:48:20.146+0700 [DEBUG] [org.gradle.internal.operations.DefaultBuildOperationRunner] Completing Build operation 'Deleting unused version-specific caches in /home/anomali99/Documents/Skripsi/MyHydroponic-App/caches'
2026-01-15T22:48:20.146+0700 [DEBUG] [org.gradle.internal.operations.DefaultBuildOperationRunner] Build operation 'Deleting unused version-specific caches in /home/anomali99/Documents/Skripsi/MyHydroponic-App/caches' completed
2026-01-15T22:48:20.156+0700 [DEBUG] [org.gradle.internal.operations.DefaultBuildOperationRunner] Build operation 'Deleting unused Gradle distributions in /home/anomali99/Documents/Skripsi/MyHydroponic-App/wrapper/dists' started
2026-01-15T22:48:20.161+0700 [DEBUG] [org.gradle.internal.operations.DefaultBuildOperationRunner] Completing Build operation 'Deleting unused Gradle distributions in /home/anomali99/Documents/Skripsi/MyHydroponic-App/wrapper/dists'
2026-01-15T22:48:20.161+0700 [DEBUG] [org.gradle.internal.operations.DefaultBuildOperationRunner] Build operation 'Deleting unused Gradle distributions in /home/anomali99/Documents/Skripsi/MyHydroponic-App/wrapper/dists' completed
2026-01-15T22:48:20.163+0700 [DEBUG] [org.gradle.launcher.daemon.server.Daemon] stop() called on daemon
2026-01-15T22:48:20.163+0700 [INFO] [org.gradle.launcher.daemon.server.Daemon] Stop requested. Daemon is removing its presence from the registry...
2026-01-15T22:48:20.163+0700 [DEBUG] [org.gradle.launcher.daemon.server.DaemonRegistryUpdater] Removing our presence to clients, eg. removing this address from the registry: [b02d9d22-f869-4d91-bb22-66deda2fa306 port:40643, addresses:[localhost/127.0.0.1]]
2026-01-15T22:48:20.163+0700 [DEBUG] [org.gradle.launcher.daemon.registry.PersistentDaemonRegistry] Removing daemon address: [b02d9d22-f869-4d91-bb22-66deda2fa306 port:40643, addresses:[localhost/127.0.0.1]]
2026-01-15T22:48:20.164+0700 [DEBUG] [org.gradle.cache.internal.DefaultFileLockManager] Waiting to acquire exclusive lock on daemon addresses registry.
2026-01-15T22:48:20.164+0700 [DEBUG] [org.gradle.cache.internal.DefaultFileLockManager] Lock acquired on daemon addresses registry.
2026-01-15T22:48:20.164+0700 [DEBUG] [org.gradle.cache.internal.DefaultFileLockManager] Releasing lock on daemon addresses registry.
2026-01-15T22:48:20.164+0700 [DEBUG] [org.gradle.launcher.daemon.server.DaemonRegistryUpdater] Address removed from registry.
2026-01-15T22:48:20.168+0700 [DEBUG] [org.gradle.cache.internal.locklistener.DefaultFileLockContentionHandler] File lock listener thread completed.
2026-01-15T22:48:20.180+0700 [DEBUG] [java.lang.Runtime] Runtime.exit() called with status: 0
java.lang.Throwable: Runtime.exit(0)
	at java.base/java.lang.Shutdown.logRuntimeExit(Shutdown.java:179)
	at java.base/java.lang.Shutdown.exit(Shutdown.java:160)
	at java.base/java.lang.Runtime.exit(Runtime.java:188)
	at java.base/java.lang.System.exit(System.java:1920)
	at org.gradle.launcher.bootstrap.ProcessCompleter.complete(ProcessCompleter.java:21)
	at org.gradle.launcher.bootstrap.EntryPoint.run(EntryPoint.java:61)
	at java.base/jdk.internal.reflect.DirectMethodHandleAccessor.invoke(DirectMethodHandleAccessor.java:103)
	at java.base/java.lang.reflect.Method.invoke(Method.java:580)
	at org.gradle.launcher.bootstrap.ProcessBootstrap.runNoExit(ProcessBootstrap.java:72)
	at org.gradle.launcher.bootstrap.ProcessBootstrap.run(ProcessBootstrap.java:39)
	at org.gradle.launcher.daemon.bootstrap.GradleDaemon.main(GradleDaemon.java:22)
Daemon vm is shutting down... The daemon has exited normally or was terminated in response to a user interrupt.
2026-01-15T22:48:20.184+0700 [DEBUG] [org.gradle.launcher.daemon.registry.PersistentDaemonRegistry] Removing daemon address: [b02d9d22-f869-4d91-bb22-66deda2fa306 port:40643, addresses:[localhost/127.0.0.1]]
2026-01-15T22:48:20.185+0700 [DEBUG] [org.gradle.launcher.daemon.server.Daemon] VM shutdown hook was unable to remove the daemon address from the registry. It will be cleaned up later.
java.lang.IllegalStateException: Cannot start managing file contention because this handler has been closed.
	at org.gradle.cache.internal.locklistener.DefaultFileLockContentionHandler.assertNotStopped(DefaultFileLockContentionHandler.java:248)
	at org.gradle.cache.internal.locklistener.DefaultFileLockContentionHandler.reservePort(DefaultFileLockContentionHandler.java:286)
	at org.gradle.cache.internal.DefaultFileLockManager.lock(DefaultFileLockManager.java:124)
	at org.gradle.cache.internal.DefaultFileLockManager.lock(DefaultFileLockManager.java:106)
	at org.gradle.cache.internal.DefaultFileLockManager.lock(DefaultFileLockManager.java:101)
	at org.gradle.cache.internal.OnDemandFileAccess.updateFile(OnDemandFileAccess.java:51)
	at org.gradle.cache.internal.FileBackedObjectHolder.update(FileBackedObjectHolder.java:77)
	at org.gradle.cache.internal.FileIntegrityViolationSuppressingObjectHolderDecorator.lambda$update$0(FileIntegrityViolationSuppressingObjectHolderDecorator.java:48)
	at org.gradle.cache.internal.FileIntegrityViolationSuppressingObjectHolderDecorator.doUpdate(FileIntegrityViolationSuppressingObjectHolderDecorator.java:58)
	at org.gradle.cache.internal.FileIntegrityViolationSuppressingObjectHolderDecorator.update(FileIntegrityViolationSuppressingObjectHolderDecorator.java:48)
	at org.gradle.launcher.daemon.registry.PersistentDaemonRegistry.remove(PersistentDaemonRegistry.java:133)
	at org.gradle.launcher.daemon.server.Daemon$1.run(Daemon.java:133)
	at java.base/java.lang.Thread.run(Thread.java:1583)
